<?xml version="1.0" encoding="UTF-8"?>
<!-- Generated by org.testng.reporters.JUnitReportReporter -->
<testsuite skipped="0" hostname="DESKTOP-1BDQC6B" name="runner.RunCuke" tests="1" failures="0" timestamp="25 Jun 2020 21:22:35 GMT" time="31.358" errors="0">
  <testcase name="runScenario" time="31.358" classname="runner.RunCuke"/>
</testsuite> <!-- runner.RunCuke -->
